C:\USERS\GNS91\DOCUMENTS\VISUAL STUDIO 2010\PROJECTS\CEXAMPLE\DEBUG\BASEBALLGAME.OBJ
C:\Users\gns91\Documents\Visual Studio 2010\Projects\cExample\Debug\cExample.exe.embed.manifest
C:\USERS\GNS91\DOCUMENTS\VISUAL STUDIO 2010\PROJECTS\CEXAMPLE\DEBUG\CEXAMPLE.EXE.EMBED.MANIFEST.RES
C:\Users\gns91\Documents\Visual Studio 2010\Projects\cExample\Debug\cExample.exe.intermediate.manifest
C:\Users\gns91\Documents\Visual Studio 2010\Projects\cExample\Debug\cExample.pdb
C:\Users\gns91\Documents\Visual Studio 2010\Projects\cExample\Debug\cExample.write.1.tlog
C:\Users\gns91\Documents\Visual Studio 2010\Projects\cExample\Debug\cExample_manifest.rc
C:\USERS\GNS91\DOCUMENTS\VISUAL STUDIO 2010\PROJECTS\CEXAMPLE\DEBUG\CHALLENGE1.OBJ
C:\USERS\GNS91\DOCUMENTS\VISUAL STUDIO 2010\PROJECTS\CEXAMPLE\DEBUG\CHALLENGE2.OBJ
C:\USERS\GNS91\DOCUMENTS\VISUAL STUDIO 2010\PROJECTS\CEXAMPLE\DEBUG\CHALLENGE3.OBJ
C:\USERS\GNS91\DOCUMENTS\VISUAL STUDIO 2010\PROJECTS\CEXAMPLE\DEBUG\CHALLENGE4.OBJ
C:\Users\gns91\Documents\Visual Studio 2010\Projects\cExample\Debug\cl.command.1.tlog
C:\Users\gns91\Documents\Visual Studio 2010\Projects\cExample\Debug\CL.read.1.tlog
C:\Users\gns91\Documents\Visual Studio 2010\Projects\cExample\Debug\CL.write.1.tlog
C:\USERS\GNS91\DOCUMENTS\VISUAL STUDIO 2010\PROJECTS\CEXAMPLE\DEBUG\EXAMPLE1.OBJ
C:\USERS\GNS91\DOCUMENTS\VISUAL STUDIO 2010\PROJECTS\CEXAMPLE\DEBUG\EXAMPLE10.OBJ
C:\USERS\GNS91\DOCUMENTS\VISUAL STUDIO 2010\PROJECTS\CEXAMPLE\DEBUG\EXAMPLE11.OBJ
C:\USERS\GNS91\DOCUMENTS\VISUAL STUDIO 2010\PROJECTS\CEXAMPLE\DEBUG\EXAMPLE12.OBJ
C:\USERS\GNS91\DOCUMENTS\VISUAL STUDIO 2010\PROJECTS\CEXAMPLE\DEBUG\EXAMPLE2.OBJ
C:\USERS\GNS91\DOCUMENTS\VISUAL STUDIO 2010\PROJECTS\CEXAMPLE\DEBUG\EXAMPLE3.OBJ
C:\USERS\GNS91\DOCUMENTS\VISUAL STUDIO 2010\PROJECTS\CEXAMPLE\DEBUG\EXAMPLE4.OBJ
C:\USERS\GNS91\DOCUMENTS\VISUAL STUDIO 2010\PROJECTS\CEXAMPLE\DEBUG\EXAMPLE5.OBJ
C:\USERS\GNS91\DOCUMENTS\VISUAL STUDIO 2010\PROJECTS\CEXAMPLE\DEBUG\EXAMPLE6.OBJ
C:\USERS\GNS91\DOCUMENTS\VISUAL STUDIO 2010\PROJECTS\CEXAMPLE\DEBUG\EXAMPLE7.OBJ
C:\USERS\GNS91\DOCUMENTS\VISUAL STUDIO 2010\PROJECTS\CEXAMPLE\DEBUG\EXAMPLE8.OBJ
C:\USERS\GNS91\DOCUMENTS\VISUAL STUDIO 2010\PROJECTS\CEXAMPLE\DEBUG\EXAMPLE9.OBJ
C:\Users\gns91\Documents\Visual Studio 2010\Projects\cExample\Debug\link.command.1.tlog
C:\Users\gns91\Documents\Visual Studio 2010\Projects\cExample\Debug\link.read.1.tlog
C:\Users\gns91\Documents\Visual Studio 2010\Projects\cExample\Debug\link.write.1.tlog
C:\Users\gns91\Documents\Visual Studio 2010\Projects\cExample\Debug\link-cvtres.read.1.tlog
C:\Users\gns91\Documents\Visual Studio 2010\Projects\cExample\Debug\link-cvtres.write.1.tlog
C:\Users\gns91\Documents\Visual Studio 2010\Projects\cExample\Debug\rc.command.1.tlog
C:\Users\gns91\Documents\Visual Studio 2010\Projects\cExample\Debug\rc.read.1.tlog
C:\Users\gns91\Documents\Visual Studio 2010\Projects\cExample\Debug\rc.write.1.tlog
C:\USERS\GNS91\DOCUMENTS\VISUAL STUDIO 2010\PROJECTS\CEXAMPLE\DEBUG\ROTATE90.OBJ
C:\USERS\GNS91\DOCUMENTS\VISUAL STUDIO 2010\PROJECTS\CEXAMPLE\DEBUG\TEST.OBJ
C:\Users\gns91\Documents\Visual Studio 2010\Projects\cExample\Debug\vc100.idb
C:\USERS\GNS91\DOCUMENTS\VISUAL STUDIO 2010\PROJECTS\CEXAMPLE\DEBUG\VC100.PDB
