C:\USERS\GNS91\DOCUMENTS\VISUAL STUDIO 2010\PROJECTS\CEXAMPLE\X64\DEBUG\CEXAMPLE.EXE
C:\USERS\GNS91\DOCUMENTS\VISUAL STUDIO 2010\PROJECTS\CEXAMPLE\X64\DEBUG\CEXAMPLE.EXE.EMBED.MANIFEST
C:\USERS\GNS91\DOCUMENTS\VISUAL STUDIO 2010\PROJECTS\CEXAMPLE\X64\DEBUG\CEXAMPLE.EXE.EMBED.MANIFEST.RES
C:\USERS\GNS91\DOCUMENTS\VISUAL STUDIO 2010\PROJECTS\CEXAMPLE\X64\DEBUG\CEXAMPLE.EXE.INTERMEDIATE.MANIFEST
C:\USERS\GNS91\DOCUMENTS\VISUAL STUDIO 2010\PROJECTS\CEXAMPLE\X64\DEBUG\CEXAMPLE.ILK
C:\USERS\GNS91\DOCUMENTS\VISUAL STUDIO 2010\PROJECTS\CEXAMPLE\X64\DEBUG\CEXAMPLE.PDB
C:\Users\gns91\Documents\Visual Studio 2010\Projects\cExample\x64\Debug\cExample.write.1.tlog
C:\Users\gns91\Documents\Visual Studio 2010\Projects\cExample\x64\Debug\cExample_manifest.rc
C:\USERS\GNS91\DOCUMENTS\VISUAL STUDIO 2010\PROJECTS\CEXAMPLE\X64\DEBUG\CHALLENGE6.OBJ
C:\Users\gns91\Documents\Visual Studio 2010\Projects\cExample\x64\Debug\cl.command.1.tlog
C:\Users\gns91\Documents\Visual Studio 2010\Projects\cExample\x64\Debug\CL.read.1.tlog
C:\Users\gns91\Documents\Visual Studio 2010\Projects\cExample\x64\Debug\CL.write.1.tlog
C:\Users\gns91\Documents\Visual Studio 2010\Projects\cExample\x64\Debug\link.16372.read.1.tlog
C:\Users\gns91\Documents\Visual Studio 2010\Projects\cExample\x64\Debug\link.16372.write.1.tlog
C:\Users\gns91\Documents\Visual Studio 2010\Projects\cExample\x64\Debug\link.16372-cvtres.read.1.tlog
C:\Users\gns91\Documents\Visual Studio 2010\Projects\cExample\x64\Debug\link.16372-cvtres.write.1.tlog
C:\Users\gns91\Documents\Visual Studio 2010\Projects\cExample\x64\Debug\link.command.1.tlog
C:\Users\gns91\Documents\Visual Studio 2010\Projects\cExample\x64\Debug\link.read.1.tlog
C:\Users\gns91\Documents\Visual Studio 2010\Projects\cExample\x64\Debug\link.write.1.tlog
C:\Users\gns91\Documents\Visual Studio 2010\Projects\cExample\x64\Debug\link-cvtres.read.1.tlog
C:\Users\gns91\Documents\Visual Studio 2010\Projects\cExample\x64\Debug\link-cvtres.write.1.tlog
C:\Users\gns91\Documents\Visual Studio 2010\Projects\cExample\x64\Debug\mt.command.1.tlog
C:\Users\gns91\Documents\Visual Studio 2010\Projects\cExample\x64\Debug\mt.read.1.tlog
C:\Users\gns91\Documents\Visual Studio 2010\Projects\cExample\x64\Debug\mt.write.1.tlog
C:\Users\gns91\Documents\Visual Studio 2010\Projects\cExample\x64\Debug\rc.command.1.tlog
C:\Users\gns91\Documents\Visual Studio 2010\Projects\cExample\x64\Debug\rc.read.1.tlog
C:\Users\gns91\Documents\Visual Studio 2010\Projects\cExample\x64\Debug\rc.write.1.tlog
C:\Users\gns91\Documents\Visual Studio 2010\Projects\cExample\x64\Debug\vc100.idb
C:\USERS\GNS91\DOCUMENTS\VISUAL STUDIO 2010\PROJECTS\CEXAMPLE\X64\DEBUG\VC100.PDB
